(4x) : 2
And : 4
Celebration, : 2
Give : 2
I : 12
In : 2
Lets : 2
Now : 2
Ohohooooh : 1
Oohhoooohh : 1
Oooohhh, : 1
Oooooh : 2
Oooooooooh : 2
See : 2
Singing : 2
So : 3
They’ll : 6
We : 3
When : 6
Wooo : 2
Woooh : 1
Wooohoooh : 1
a : 6
all : 6
are : 2
around : 3
as : 2
at : 2
be : 8
beautiful : 2
call : 6
champions, : 2
day. : 2
define : 1
end : 2
every : 2
everybody : 1
feel : 2
field : 2
fire, : 2
flag : 11
flag, : 6
forever : 2
freedom, : 8
game, : 2
get : 6
give : 4
heads : 2
higher : 2
in : 2
inhibition, : 2
it : 3
its : 1
just : 6
lifting, : 2
like : 6
lose : 2
make : 2
me : 10
nations, : 2
now : 6
now, : 2
of : 2
older : 6
ooh : 2
ooohh : 2
ooohoh : 2
our : 4
proud : 2
reason, : 2
rejoice : 2
say : 3
singing : 4
songs : 2
streets : 2
stronger : 6
sun : 2
surround : 1
take : 4
that : 2
the : 12
together : 2
underneath : 2
unify : 1
us : 4
us, : 4
wave : 11
wavin’ : 6
we : 3
will : 8
wooooohh : 1
wooooohh, : 1
woowoo : 2
you : 5
young, : 2
your : 11
